<?xml version="1.0" encoding="UTF-8" standalone="no"?>
<testsuite failures="0" name="cucumber.runtime.formatter.JUnitFormatter" skipped="0" tests="4" time="37.438897">
<testcase classname="Page Header Validation" name="page validation" time="13.858603">
<system-out><![CDATA[Given user opens browser....................................................passed
Given user go to About page.................................................passed
When user search for page header text.......................................passed
Then user verifies page header About in the page............................passed
Then user close the browser.................................................passed
]]></system-out>
</testcase>
<testcase classname="Page Header Validation" name="page validation 2" time="8.990541">
<system-out><![CDATA[Given user opens browser....................................................passed
Given user go to Work page..................................................passed
When user search for page header text.......................................passed
Then user verifies page header Work in the page.............................passed
Then user close the browser.................................................passed
]]></system-out>
</testcase>
<testcase classname="Valtech Homepage" name="User is one homepage and verify whether Latest News section is displaying" time="7.53554">
<system-out><![CDATA[Given user opens browser....................................................passed
And user validates homepage title...........................................passed
When user search for latest news section on homepage........................passed
Then user able to see latest news successfully..............................passed
And user close the browser..................................................passed
]]></system-out>
</testcase>
<testcase classname="Valtech Homepage" name="Find contact us page" time="7.054213">
<system-out><![CDATA[Given user opens browser....................................................passed
When user scroll to contact us..............................................passed
Then user verify branches details...........................................passed
And user close the browser..................................................passed
]]></system-out>
</testcase>
</testsuite>
